STARTING_TRANSPORTATION
BOARDING_OF_PASSENGER ( 7 on story-1)
BOARDING_OF_PASSENGER ( 1 on story-1)
BOARDING_OF_PASSENGER ( 2 on story-1)
MOVING_ELEVATOR (from story-1 to story-2)
MOVING_ELEVATOR (from story-2 to story-3)
MOVING_ELEVATOR (from story-3 to story-4)
DEBOARDING_OF_PASSENGER ( 2 on story-4)
BOARDING_OF_PASSENGER ( 8 on story-4)
MOVING_ELEVATOR (from story-4 to story-5)
MOVING_ELEVATOR (from story-5 to story-6)
DEBOARDING_OF_PASSENGER ( 1 on story-6)
BOARDING_OF_PASSENGER ( 15 on story-6)
MOVING_ELEVATOR (from story-6 to story-7)
ABORTING_TRANSPORTATION
STARTING_TRANSPORTATION
BOARDING_OF_PASSENGER ( 9 on story-1)
BOARDING_OF_PASSENGER ( 19 on story-1)
BOARDING_OF_PASSENGER ( 2 on story-1)
MOVING_ELEVATOR (from story-1 to story-2)
MOVING_ELEVATOR (from story-2 to story-3)
DEBOARDING_OF_PASSENGER ( 2 on story-3)
BOARDING_OF_PASSENGER ( 11 on story-3)
MOVING_ELEVATOR (from story-3 to story-4)
ABORTING_TRANSPORTATION
STARTING_TRANSPORTATION
BOARDING_OF_PASSENGER ( 11 on story-1)
MOVING_ELEVATOR (from story-1 to story-2)
BOARDING_OF_PASSENGER ( 13 on story-2)
MOVING_ELEVATOR (from story-2 to story-3)
DEBOARDING_OF_PASSENGER ( 11 on story-3)
MOVING_ELEVATOR (from story-3 to story-4)
ABORTING_TRANSPORTATION
STARTING_TRANSPORTATION
BOARDING_OF_PASSENGER ( 18 on story-1)
MOVING_ELEVATOR (from story-1 to story-2)
MOVING_ELEVATOR (from story-2 to story-3)
BOARDING_OF_PASSENGER ( 7 on story-3)
BOARDING_OF_PASSENGER ( 11 on story-3)
MOVING_ELEVATOR (from story-3 to story-4)
DEBOARDING_OF_PASSENGER ( 7 on story-4)
DEBOARDING_OF_PASSENGER ( 11 on story-4)
MOVING_ELEVATOR (from story-4 to story-5)
DEBOARDING_OF_PASSENGER ( 18 on story-5)
BOARDING_OF_PASSENGER ( 6 on story-5)
MOVING_ELEVATOR (from story-5 to story-6)
DEBOARDING_OF_PASSENGER ( 6 on story-6)
BOARDING_OF_PASSENGER ( 5 on story-6)
BOARDING_OF_PASSENGER ( 15 on story-6)
MOVING_ELEVATOR (from story-6 to story-7)
DEBOARDING_OF_PASSENGER ( 5 on story-7)
DEBOARDING_OF_PASSENGER ( 15 on story-7)
BOARDING_OF_PASSENGER ( 17 on story-7)
BOARDING_OF_PASSENGER ( 14 on story-7)
BOARDING_OF_PASSENGER ( 10 on story-7)
MOVING_ELEVATOR (from story-7 to story-6)
MOVING_ELEVATOR (from story-6 to story-5)
DEBOARDING_OF_PASSENGER ( 17 on story-5)
DEBOARDING_OF_PASSENGER ( 10 on story-5)
DEBOARDING_OF_PASSENGER ( 14 on story-5)
BOARDING_OF_PASSENGER ( 12 on story-5)
BOARDING_OF_PASSENGER ( 19 on story-5)
MOVING_ELEVATOR (from story-5 to story-4)
BOARDING_OF_PASSENGER ( 3 on story-4)
MOVING_ELEVATOR (from story-4 to story-3)
MOVING_ELEVATOR (from story-3 to story-2)
DEBOARDING_OF_PASSENGER ( 19 on story-2)
DEBOARDING_OF_PASSENGER ( 3 on story-2)
BOARDING_OF_PASSENGER ( 1 on story-2)
MOVING_ELEVATOR (from story-2 to story-1)
DEBOARDING_OF_PASSENGER ( 12 on story-1)
DEBOARDING_OF_PASSENGER ( 1 on story-1)
MOVING_ELEVATOR (from story-1 to story-2)
MOVING_ELEVATOR (from story-2 to story-3)
MOVING_ELEVATOR (from story-3 to story-4)
MOVING_ELEVATOR (from story-4 to story-5)
MOVING_ELEVATOR (from story-5 to story-6)
MOVING_ELEVATOR (from story-6 to story-7)
MOVING_ELEVATOR (from story-7 to story-6)
BOARDING_OF_PASSENGER ( 2 on story-6)
BOARDING_OF_PASSENGER ( 9 on story-6)
BOARDING_OF_PASSENGER ( 4 on story-6)
MOVING_ELEVATOR (from story-6 to story-5)
MOVING_ELEVATOR (from story-5 to story-4)
MOVING_ELEVATOR (from story-4 to story-3)
DEBOARDING_OF_PASSENGER ( 2 on story-3)
BOARDING_OF_PASSENGER ( 8 on story-3)
MOVING_ELEVATOR (from story-3 to story-2)
DEBOARDING_OF_PASSENGER ( 4 on story-2)
MOVING_ELEVATOR (from story-2 to story-1)
DEBOARDING_OF_PASSENGER ( 9 on story-1)
DEBOARDING_OF_PASSENGER ( 8 on story-1)
MOVING_ELEVATOR (from story-1 to story-2)
MOVING_ELEVATOR (from story-2 to story-3)
MOVING_ELEVATOR (from story-3 to story-4)
MOVING_ELEVATOR (from story-4 to story-5)
MOVING_ELEVATOR (from story-5 to story-6)
MOVING_ELEVATOR (from story-6 to story-7)
MOVING_ELEVATOR (from story-7 to story-6)
BOARDING_OF_PASSENGER ( 20 on story-6)
MOVING_ELEVATOR (from story-6 to story-5)
MOVING_ELEVATOR (from story-5 to story-4)
DEBOARDING_OF_PASSENGER ( 20 on story-4)
BOARDING_OF_PASSENGER ( 16 on story-4)
MOVING_ELEVATOR (from story-4 to story-3)
BOARDING_OF_PASSENGER ( 13 on story-3)
MOVING_ELEVATOR (from story-3 to story-2)
DEBOARDING_OF_PASSENGER ( 16 on story-2)
DEBOARDING_OF_PASSENGER ( 13 on story-2)
COMPLETION_TRANSPORTATION
 ----- dispatch.isEmpty(), elevatorContainer.isEmpty()
 ----- all TransportationStateCompleted
 ----- equalsFloors (destinationStorey == arrival/key)
 ----- equalsQuantity (ArrivalMapQuantity == passengersNumber)
